<?xml version="1.0" encoding="utf-8" standalone="no"?>
<test-run id="2" testcasecount="134" result="Skipped" label="Ignored" total="134" passed="117" failed="0" inconclusive="0" skipped="17" asserts="115" engine-version="3.9.0.0" clr-version="4.0.30319.42000" start-time="2019-02-07 23:49:33Z" end-time="2019-02-07 23:49:39Z" duration="6.156963">
  <command-line><![CDATA["Z:\Users\ger-d\Source\Repos\mustachio\packages\NUnit.ConsoleRunner.3.9.0\tools\nunit3-console.exe" NetFramework\Tests\Morestachio.NetFramework.Tests\bin\Release\Morestachio.Net.47.Tests.dll /framework:net-4.0 /result:.\Tests.nunit.xml --dispose-runners]]></command-line>
  <test-suite type="Assembly" id="0-1157" name="Morestachio.Net.47.Tests.dll" fullname="Morestachio.Net.47.Tests.dll" runstate="Runnable" testcasecount="134" result="Skipped" label="Ignored" site="Child" start-time="2019-02-07 23:49:34Z" end-time="2019-02-07 23:49:39Z" duration="5.622307" total="134" passed="117" failed="0" warnings="0" inconclusive="0" skipped="17" asserts="115">
    <environment framework-version="3.11.0.0" clr-version="4.0.30319.42000" os-version="Microsoft Windows NT 10.0.17134.0" platform="Win32NT" cwd="Z:\Users\ger-d\Source\Repos\mustachio" machine-name="BORGCUBE" user="User" user-domain="BORGCUBE" culture="en-US" uiculture="en-US" os-architecture="x64" />
    <settings>
      <setting name="RuntimeFramework" value="net-4.0" />
      <setting name="DisposeRunners" value="True" />
      <setting name="WorkDirectory" value="Z:\Users\ger-d\Source\Repos\mustachio" />
      <setting name="ImageRuntimeVersion" value="4.0.30319" />
      <setting name="ImageTargetFrameworkName" value=".NETFramework,Version=v4.7" />
      <setting name="ImageRequiresX86" value="False" />
      <setting name="ImageRequiresDefaultAppDomainAssemblyResolver" value="False" />
      <setting name="NumberOfTestWorkers" value="8" />
    </settings>
    <properties>
      <property name="_PID" value="1564" />
      <property name="_APPDOMAIN" value="domain-" />
    </properties>
    <reason>
      <message><![CDATA[One or more child tests were ignored]]></message>
    </reason>
    <test-suite type="TestSuite" id="0-1158" name="Morestachio" fullname="Morestachio" runstate="Runnable" testcasecount="134" result="Skipped" label="Ignored" site="Child" start-time="2019-02-07 23:49:34Z" end-time="2019-02-07 23:49:39Z" duration="5.606484" total="134" passed="117" failed="0" warnings="0" inconclusive="0" skipped="17" asserts="115">
      <reason>
        <message><![CDATA[One or more child tests were ignored]]></message>
      </reason>
      <test-suite type="TestSuite" id="0-1159" name="Tests" fullname="Morestachio.Tests" runstate="Runnable" testcasecount="134" result="Skipped" label="Ignored" site="Child" start-time="2019-02-07 23:49:34Z" end-time="2019-02-07 23:49:39Z" duration="5.606080" total="134" passed="117" failed="0" warnings="0" inconclusive="0" skipped="17" asserts="115">
        <reason>
          <message><![CDATA[One or more child tests were ignored]]></message>
        </reason>
        <test-suite type="TestFixture" id="0-1002" name="ParserCollectionFixture" fullname="Morestachio.Tests.ParserCollectionFixture" classname="Morestachio.Tests.ParserCollectionFixture" runstate="Runnable" testcasecount="6" result="Passed" start-time="2019-02-07 23:49:34Z" end-time="2019-02-07 23:49:34Z" duration="0.343215" total="6" passed="6" failed="0" warnings="0" inconclusive="0" skipped="0" asserts="6">
          <test-case id="0-1007" name="TestCollectionFormatting" fullname="Morestachio.Tests.ParserCollectionFixture.TestCollectionFormatting" methodname="TestCollectionFormatting" classname="Morestachio.Tests.ParserCollectionFixture" runstate="Runnable" seed="1654646358" result="Passed" start-time="2019-02-07 23:49:34Z" end-time="2019-02-07 23:49:34Z" duration="0.312097" asserts="1">
            <output><![CDATA[0,1,2,3,4,5,6,7,
]]></output>
          </test-case>
          <test-case id="0-1008" name="TestCollectionFormattingScope" fullname="Morestachio.Tests.ParserCollectionFixture.TestCollectionFormattingScope" methodname="TestCollectionFormattingScope" classname="Morestachio.Tests.ParserCollectionFixture" runstate="Runnable" seed="1399894525" result="Passed" start-time="2019-02-07 23:49:34Z" end-time="2019-02-07 23:49:34Z" duration="0.002097" asserts="1">
            <output><![CDATA[0,1,2,3,4,5,6,7,|0,1,2,3,5,4,6,7,
]]></output>
          </test-case>
          <test-case id="0-1006" name="TestCollectionSpecialKeyFormatting" fullname="Morestachio.Tests.ParserCollectionFixture.TestCollectionSpecialKeyFormatting" methodname="TestCollectionSpecialKeyFormatting" classname="Morestachio.Tests.ParserCollectionFixture" runstate="Runnable" seed="244100037" result="Passed" start-time="2019-02-07 23:49:34Z" end-time="2019-02-07 23:49:34Z" duration="0.005713" asserts="1">
            <output><![CDATA[1,2,3,4,
]]></output>
          </test-case>
          <test-case id="0-1005" name="TestEveryKeywordOnComplexPathDictionary" fullname="Morestachio.Tests.ParserCollectionFixture.TestEveryKeywordOnComplexPathDictionary" methodname="TestEveryKeywordOnComplexPathDictionary" classname="Morestachio.Tests.ParserCollectionFixture" runstate="Runnable" seed="663402784" result="Passed" start-time="2019-02-07 23:49:34Z" end-time="2019-02-07 23:49:34Z" duration="0.004060" asserts="1" />
          <test-case id="0-1004" name="TestEveryKeywordOnDictionary" fullname="Morestachio.Tests.ParserCollectionFixture.TestEveryKeywordOnDictionary" methodname="TestEveryKeywordOnDictionary" classname="Morestachio.Tests.ParserCollectionFixture" runstate="Runnable" seed="242986743" result="Passed" start-time="2019-02-07 23:49:34Z" end-time="2019-02-07 23:49:34Z" duration="0.000462" asserts="1" />
          <test-case id="0-1003" name="TestEveryKeywordOnObject" fullname="Morestachio.Tests.ParserCollectionFixture.TestEveryKeywordOnObject" methodname="TestEveryKeywordOnObject" classname="Morestachio.Tests.ParserCollectionFixture" runstate="Runnable" seed="409200232" result="Passed" start-time="2019-02-07 23:49:34Z" end-time="2019-02-07 23:49:34Z" duration="0.003023" asserts="1" />
        </test-suite>
        <test-suite type="TestFixture" id="0-1009" name="ParserFixture" fullname="Morestachio.Tests.ParserFixture" classname="Morestachio.Tests.ParserFixture" runstate="Runnable" testcasecount="86" result="Skipped" label="Ignored" site="Child" start-time="2019-02-07 23:49:34Z" end-time="2019-02-07 23:49:34Z" duration="0.097871" total="86" passed="80" failed="0" warnings="0" inconclusive="0" skipped="6" asserts="77">
          <reason>
            <message><![CDATA[One or more child tests were ignored]]></message>
          </reason>
          <test-case id="0-1072" name="ParserCanChainFormat" fullname="Morestachio.Tests.ParserFixture.ParserCanChainFormat" methodname="ParserCanChainFormat" classname="Morestachio.Tests.ParserFixture" runstate="Runnable" seed="423404671" result="Passed" start-time="2019-02-07 23:49:34Z" end-time="2019-02-07 23:49:34Z" duration="0.002312" asserts="1" />
          <test-case id="0-1079" name="ParserCanChainWithAndWithoutFormat" fullname="Morestachio.Tests.ParserFixture.ParserCanChainWithAndWithoutFormat" methodname="ParserCanChainWithAndWithoutFormat" classname="Morestachio.Tests.ParserFixture" runstate="Runnable" seed="1567512181" result="Passed" start-time="2019-02-07 23:49:34Z" end-time="2019-02-07 23:49:34Z" duration="0.001236" asserts="1" />
          <test-case id="0-1078" name="ParserCanCheckCanFormat" fullname="Morestachio.Tests.ParserFixture.ParserCanCheckCanFormat" methodname="ParserCanCheckCanFormat" classname="Morestachio.Tests.ParserFixture" runstate="Runnable" seed="270625761" result="Passed" start-time="2019-02-07 23:49:34Z" end-time="2019-02-07 23:49:34Z" duration="0.002203" asserts="1" />
          <test-case id="0-1085" name="ParserCanCreateNestedPartials" fullname="Morestachio.Tests.ParserFixture.ParserCanCreateNestedPartials" methodname="ParserCanCreateNestedPartials" classname="Morestachio.Tests.ParserFixture" runstate="Runnable" seed="1270345064" result="Passed" start-time="2019-02-07 23:49:34Z" end-time="2019-02-07 23:49:34Z" duration="0.016577" asserts="1" />
          <test-suite type="ParameterizedMethod" id="0-1015" name="ParserCanFormat" fullname="Morestachio.Tests.ParserFixture.ParserCanFormat" classname="Morestachio.Tests.ParserFixture" runstate="Runnable" testcasecount="5" result="Passed" start-time="2019-02-07 23:49:34Z" end-time="2019-02-07 23:49:34Z" duration="0.001534" total="5" passed="5" failed="0" warnings="0" inconclusive="0" skipped="0" asserts="5">
            <test-case id="0-1010" name="ParserCanFormat(&quot;d&quot;)" fullname="Morestachio.Tests.ParserFixture.ParserCanFormat(&quot;d&quot;)" methodname="ParserCanFormat" classname="Morestachio.Tests.ParserFixture" runstate="Runnable" seed="239917859" result="Passed" start-time="2019-02-07 23:49:34Z" end-time="2019-02-07 23:49:34Z" duration="0.000603" asserts="1" />
            <test-case id="0-1011" name="ParserCanFormat(&quot;D&quot;)" fullname="Morestachio.Tests.ParserFixture.ParserCanFormat(&quot;D&quot;)" methodname="ParserCanFormat" classname="Morestachio.Tests.ParserFixture" runstate="Runnable" seed="1227508884" result="Passed" start-time="2019-02-07 23:49:34Z" end-time="2019-02-07 23:49:34Z" duration="0.000327" asserts="1" />
            <test-case id="0-1012" name="ParserCanFormat(&quot;f&quot;)" fullname="Morestachio.Tests.ParserFixture.ParserCanFormat(&quot;f&quot;)" methodname="ParserCanFormat" classname="Morestachio.Tests.ParserFixture" runstate="Runnable" seed="1825421129" result="Passed" start-time="2019-02-07 23:49:34Z" end-time="2019-02-07 23:49:34Z" duration="0.000121" asserts="1" />
            <test-case id="0-1013" name="ParserCanFormat(&quot;F&quot;)" fullname="Morestachio.Tests.ParserFixture.ParserCanFormat(&quot;F&quot;)" methodname="ParserCanFormat" classname="Morestachio.Tests.ParserFixture" runstate="Runnable" seed="1721119347" result="Passed" start-time="2019-02-07 23:49:34Z" end-time="2019-02-07 23:49:34Z" duration="0.000109" asserts="1" />
            <test-case id="0-1014" name="ParserCanFormat(&quot;dd,,MM,,YYY&quot;)" fullname="Morestachio.Tests.ParserFixture.ParserCanFormat(&quot;dd,,MM,,YYY&quot;)" methodname="ParserCanFormat" classname="Morestachio.Tests.ParserFixture" runstate="Runnable" seed="1046929082" result="Passed" start-time="2019-02-07 23:49:34Z" end-time="2019-02-07 23:49:34Z" duration="0.000123" asserts="1" />
          </test-suite>
          <test-case id="0-1080" name="ParserCanFormatAndCombine" fullname="Morestachio.Tests.ParserFixture.ParserCanFormatAndCombine" methodname="ParserCanFormatAndCombine" classname="Morestachio.Tests.ParserFixture" runstate="Runnable" seed="875344591" result="Passed" start-time="2019-02-07 23:49:34Z" end-time="2019-02-07 23:49:34Z" duration="0.002847" asserts="1" />
          <test-case id="0-1081" name="ParserCanFormatArgumentWithExpression" fullname="Morestachio.Tests.ParserFixture.ParserCanFormatArgumentWithExpression" methodname="ParserCanFormatArgumentWithExpression" classname="Morestachio.Tests.ParserFixture" runstate="Runnable" seed="274795917" result="Passed" start-time="2019-02-07 23:49:34Z" end-time="2019-02-07 23:49:34Z" duration="0.002474" asserts="1" />
          <test-case id="0-1077" name="ParserCanFormatMultipleNamed" fullname="Morestachio.Tests.ParserFixture.ParserCanFormatMultipleNamed" methodname="ParserCanFormatMultipleNamed" classname="Morestachio.Tests.ParserFixture" runstate="Runnable" seed="2044714393" result="Passed" start-time="2019-02-07 23:49:34Z" end-time="2019-02-07 23:49:34Z" duration="0.001124" asserts="1" />
          <test-case id="0-1075" name="ParserCanFormatMultipleUnnamed" fullname="Morestachio.Tests.ParserFixture.ParserCanFormatMultipleUnnamed" methodname="ParserCanFormatMultipleUnnamed" classname="Morestachio.Tests.ParserFixture" runstate="Runnable" seed="854348901" result="Passed" start-time="2019-02-07 23:49:34Z" end-time="2019-02-07 23:49:34Z" duration="0.000960" asserts="1" />
          <test-case id="0-1076" name="ParserCanFormatMultipleUnnamedParams" fullname="Morestachio.Tests.ParserFixture.ParserCanFormatMultipleUnnamedParams" methodname="ParserCanFormatMultipleUnnamedParams" classname="Morestachio.Tests.ParserFixture" runstate="Runnable" seed="477632138" result="Passed" start-time="2019-02-07 23:49:34Z" end-time="2019-02-07 23:49:34Z" duration="0.005523" asserts="1" />
          <test-case id="0-1074" name="ParserCanFormatMultipleUnnamedWithoutResult" fullname="Morestachio.Tests.ParserFixture.ParserCanFormatMultipleUnnamedWithoutResult" methodname="ParserCanFormatMultipleUnnamedWithoutResult" classname="Morestachio.Tests.ParserFixture" runstate="Runnable" seed="590567538" result="Passed" start-time="2019-02-07 23:49:34Z" end-time="2019-02-07 23:49:34Z" duration="0.002297" asserts="2" />
          <test-case id="0-1087" name="ParserCanInferCollection" fullname="Morestachio.Tests.ParserFixture.ParserCanInferCollection" methodname="ParserCanInferCollection" classname="Morestachio.Tests.ParserFixture" runstate="Ignored" seed="2078013031" result="Skipped" label="Ignored" start-time="2019-02-07 23:49:34Z" end-time="2019-02-07 23:49:34Z" duration="0.001192" asserts="0">
            <properties>
              <property name="_SKIPREASON" value="Infer Tests are Outdated" />
            </properties>
            <reason>
              <message><![CDATA[Infer Tests are Outdated]]></message>
            </reason>
          </test-case>
          <test-case id="0-1088" name="ParserCanInferNestedProperties" fullname="Morestachio.Tests.ParserFixture.ParserCanInferNestedProperties" methodname="ParserCanInferNestedProperties" classname="Morestachio.Tests.ParserFixture" runstate="Ignored" seed="1874075857" result="Skipped" label="Ignored" start-time="2019-02-07 23:49:34Z" end-time="2019-02-07 23:49:34Z" duration="0.000005" asserts="0">
            <properties>
              <property name="_SKIPREASON" value="Infer Tests are Outdated" />
            </properties>
            <reason>
              <message><![CDATA[Infer Tests are Outdated]]></message>
            </reason>
          </test-case>
          <test-case id="0-1089" name="ParserCanInferScalar" fullname="Morestachio.Tests.ParserFixture.ParserCanInferScalar" methodname="ParserCanInferScalar" classname="Morestachio.Tests.ParserFixture" runstate="Ignored" seed="1171852630" result="Skipped" label="Ignored" start-time="2019-02-07 23:49:34Z" end-time="2019-02-07 23:49:34Z" duration="0.000001" asserts="0">
            <properties>
              <property name="_SKIPREASON" value="Infer Tests are Outdated" />
            </properties>
            <reason>
              <message><![CDATA[Infer Tests are Outdated]]></message>
            </reason>
          </test-case>
          <test-case id="0-1090" name="ParserCanParseEmailAcidTest" fullname="Morestachio.Tests.ParserFixture.ParserCanParseEmailAcidTest" methodname="ParserCanParseEmailAcidTest" classname="Morestachio.Tests.ParserFixture" runstate="Runnable" seed="1160005520" result="Passed" start-time="2019-02-07 23:49:34Z" end-time="2019-02-07 23:49:34Z" duration="0.004688" asserts="1" />
          <test-case id="0-1082" name="ParserCanPartials" fullname="Morestachio.Tests.ParserFixture.ParserCanPartials" methodname="ParserCanPartials" classname="Morestachio.Tests.ParserFixture" runstate="Runnable" seed="2012868770" result="Passed" start-time="2019-02-07 23:49:34Z" end-time="2019-02-07 23:49:34Z" duration="0.002022" asserts="1" />
          <test-case id="0-1083" name="ParserCanPartialsOneUp" fullname="Morestachio.Tests.ParserFixture.ParserCanPartialsOneUp" methodname="ParserCanPartialsOneUp" classname="Morestachio.Tests.ParserFixture" runstate="Runnable" seed="1622120857" result="Passed" start-time="2019-02-07 23:49:34Z" end-time="2019-02-07 23:49:34Z" duration="0.001420" asserts="1" />
          <test-case id="0-1086" name="ParserCanPrintNested" fullname="Morestachio.Tests.ParserFixture.ParserCanPrintNested" methodname="ParserCanPrintNested" classname="Morestachio.Tests.ParserFixture" runstate="Runnable" seed="1061550180" result="Passed" start-time="2019-02-07 23:49:34Z" end-time="2019-02-07 23:49:34Z" duration="0.001438" asserts="1" />
          <test-case id="0-1091" name="ParserCanProcessComplexValuePath" fullname="Morestachio.Tests.ParserFixture.ParserCanProcessComplexValuePath" methodname="ParserCanProcessComplexValuePath" classname="Morestachio.Tests.ParserFixture" runstate="Runnable" seed="14921174" result="Passed" start-time="2019-02-07 23:49:34Z" end-time="2019-02-07 23:49:34Z" duration="0.000427" asserts="1" />
          <test-case id="0-1092" name="ParserCanProcessCompoundConditionalGroup" fullname="Morestachio.Tests.ParserFixture.ParserCanProcessCompoundConditionalGroup" methodname="ParserCanProcessCompoundConditionalGroup" classname="Morestachio.Tests.ParserFixture" runstate="Runnable" seed="1338023826" result="Passed" start-time="2019-02-07 23:49:34Z" end-time="2019-02-07 23:49:34Z" duration="0.000736" asserts="1" />
          <test-case id="0-1093" name="ParserCanProcessEachConstruct" fullname="Morestachio.Tests.ParserFixture.ParserCanProcessEachConstruct" methodname="ParserCanProcessEachConstruct" classname="Morestachio.Tests.ParserFixture" runstate="Runnable" seed="2051139959" result="Passed" start-time="2019-02-07 23:49:34Z" end-time="2019-02-07 23:49:34Z" duration="0.000369" asserts="1" />
          <test-case id="0-1094" name="ParserCanProcessHandleMultilineTemplates" fullname="Morestachio.Tests.ParserFixture.ParserCanProcessHandleMultilineTemplates" methodname="ParserCanProcessHandleMultilineTemplates" classname="Morestachio.Tests.ParserFixture" runstate="Runnable" seed="1021687067" result="Passed" start-time="2019-02-07 23:49:34Z" end-time="2019-02-07 23:49:34Z" duration="0.000848" asserts="1" />
          <test-case id="0-1095" name="ParserCanProcessSimpleConditionalGroup" fullname="Morestachio.Tests.ParserFixture.ParserCanProcessSimpleConditionalGroup" methodname="ParserCanProcessSimpleConditionalGroup" classname="Morestachio.Tests.ParserFixture" runstate="Runnable" seed="1746583086" result="Passed" start-time="2019-02-07 23:49:34Z" end-time="2019-02-07 23:49:34Z" duration="0.001419" asserts="1" />
          <test-case id="0-1096" name="ParserCanProcessSimpleNegatedCondionalGroup" fullname="Morestachio.Tests.ParserFixture.ParserCanProcessSimpleNegatedCondionalGroup" methodname="ParserCanProcessSimpleNegatedCondionalGroup" classname="Morestachio.Tests.ParserFixture" runstate="Runnable" seed="64232855" result="Passed" start-time="2019-02-07 23:49:34Z" end-time="2019-02-07 23:49:34Z" duration="0.000407" asserts="1" />
          <test-case id="0-1097" name="ParserCanProcessSimpleValuePath" fullname="Morestachio.Tests.ParserFixture.ParserCanProcessSimpleValuePath" methodname="ParserCanProcessSimpleValuePath" classname="Morestachio.Tests.ParserFixture" runstate="Runnable" seed="1808694196" result="Passed" start-time="2019-02-07 23:49:34Z" end-time="2019-02-07 23:49:34Z" duration="0.000370" asserts="1" />
          <test-suite type="ParameterizedMethod" id="0-1021" name="ParserCanSelfFormat" fullname="Morestachio.Tests.ParserFixture.ParserCanSelfFormat" classname="Morestachio.Tests.ParserFixture" runstate="Runnable" testcasecount="5" result="Passed" start-time="2019-02-07 23:49:34Z" end-time="2019-02-07 23:49:34Z" duration="0.000986" total="5" passed="5" failed="0" warnings="0" inconclusive="0" skipped="0" asserts="5">
            <test-case id="0-1016" name="ParserCanSelfFormat(&quot;d&quot;)" fullname="Morestachio.Tests.ParserFixture.ParserCanSelfFormat(&quot;d&quot;)" methodname="ParserCanSelfFormat" classname="Morestachio.Tests.ParserFixture" runstate="Runnable" seed="1615133963" result="Passed" start-time="2019-02-07 23:49:34Z" end-time="2019-02-07 23:49:34Z" duration="0.000518" asserts="1" />
            <test-case id="0-1017" name="ParserCanSelfFormat(&quot;D&quot;)" fullname="Morestachio.Tests.ParserFixture.ParserCanSelfFormat(&quot;D&quot;)" methodname="ParserCanSelfFormat" classname="Morestachio.Tests.ParserFixture" runstate="Runnable" seed="719084861" result="Passed" start-time="2019-02-07 23:49:34Z" end-time="2019-02-07 23:49:34Z" duration="0.000103" asserts="1" />
            <test-case id="0-1018" name="ParserCanSelfFormat(&quot;f&quot;)" fullname="Morestachio.Tests.ParserFixture.ParserCanSelfFormat(&quot;f&quot;)" methodname="ParserCanSelfFormat" classname="Morestachio.Tests.ParserFixture" runstate="Runnable" seed="231494751" result="Passed" start-time="2019-02-07 23:49:34Z" end-time="2019-02-07 23:49:34Z" duration="0.000109" asserts="1" />
            <test-case id="0-1019" name="ParserCanSelfFormat(&quot;F&quot;)" fullname="Morestachio.Tests.ParserFixture.ParserCanSelfFormat(&quot;F&quot;)" methodname="ParserCanSelfFormat" classname="Morestachio.Tests.ParserFixture" runstate="Runnable" seed="1751344976" result="Passed" start-time="2019-02-07 23:49:34Z" end-time="2019-02-07 23:49:34Z" duration="0.000110" asserts="1" />
            <test-case id="0-1020" name="ParserCanSelfFormat(&quot;dd,,MM,,YYY&quot;)" fullname="Morestachio.Tests.ParserFixture.ParserCanSelfFormat(&quot;dd,,MM,,YYY&quot;)" methodname="ParserCanSelfFormat" classname="Morestachio.Tests.ParserFixture" runstate="Runnable" seed="178318180" result="Passed" start-time="2019-02-07 23:49:34Z" end-time="2019-02-07 23:49:34Z" duration="0.000099" asserts="1" />
          </test-suite>
          <test-case id="0-1073" name="ParserCanTransferChains" fullname="Morestachio.Tests.ParserFixture.ParserCanTransferChains" methodname="ParserCanTransferChains" classname="Morestachio.Tests.ParserFixture" runstate="Runnable" seed="1985853098" result="Passed" start-time="2019-02-07 23:49:34Z" end-time="2019-02-07 23:49:34Z" duration="0.000580" asserts="1" />
          <test-case id="0-1098" name="ParserChangeDefaultFormatter" fullname="Morestachio.Tests.ParserFixture.ParserChangeDefaultFormatter" methodname="ParserChangeDefaultFormatter" classname="Morestachio.Tests.ParserFixture" runstate="Runnable" seed="135052948" result="Passed" start-time="2019-02-07 23:49:34Z" end-time="2019-02-07 23:49:34Z" duration="0.000919" asserts="1" />
          <test-suite type="ParameterizedMethod" id="0-1035" name="ParserHandlesPartialOpenAndPartialClose" fullname="Morestachio.Tests.ParserFixture.ParserHandlesPartialOpenAndPartialClose" classname="Morestachio.Tests.ParserFixture" runstate="Runnable" testcasecount="4" result="Passed" start-time="2019-02-07 23:49:34Z" end-time="2019-02-07 23:49:34Z" duration="0.000543" total="4" passed="4" failed="0" warnings="0" inconclusive="0" skipped="0" asserts="4">
            <test-case id="0-1031" name="ParserHandlesPartialOpenAndPartialClose(&quot;{{Mike&quot;,&quot;{{{{name}}&quot;)" fullname="Morestachio.Tests.ParserFixture.ParserHandlesPartialOpenAndPartialClose(&quot;{{Mike&quot;,&quot;{{{{name}}&quot;)" methodname="ParserHandlesPartialOpenAndPartialClose" classname="Morestachio.Tests.ParserFixture" runstate="Runnable" seed="1048418664" result="Passed" start-time="2019-02-07 23:49:34Z" end-time="2019-02-07 23:49:34Z" duration="0.000334" asserts="1" />
            <test-case id="0-1032" name="ParserHandlesPartialOpenAndPartialClose(&quot;{Mike&quot;,&quot;{{{name}}&quot;)" fullname="Morestachio.Tests.ParserFixture.ParserHandlesPartialOpenAndPartialClose(&quot;{Mike&quot;,&quot;{{{name}}&quot;)" methodname="ParserHandlesPartialOpenAndPartialClose" classname="Morestachio.Tests.ParserFixture" runstate="Runnable" seed="81462942" result="Passed" start-time="2019-02-07 23:49:34Z" end-time="2019-02-07 23:49:34Z" duration="0.000060" asserts="1" />
            <test-case id="0-1033" name="ParserHandlesPartialOpenAndPartialClose(&quot;Mike}&quot;,&quot;{{name}}}&quot;)" fullname="Morestachio.Tests.ParserFixture.ParserHandlesPartialOpenAndPartialClose(&quot;Mike}&quot;,&quot;{{name}}}&quot;)" methodname="ParserHandlesPartialOpenAndPartialClose" classname="Morestachio.Tests.ParserFixture" runstate="Runnable" seed="770233338" result="Passed" start-time="2019-02-07 23:49:34Z" end-time="2019-02-07 23:49:34Z" duration="0.000058" asserts="1" />
            <test-case id="0-1034" name="ParserHandlesPartialOpenAndPartialClose(&quot;Mike}}&quot;,&quot;{{name}}}}&quot;)" fullname="Morestachio.Tests.ParserFixture.ParserHandlesPartialOpenAndPartialClose(&quot;Mike}}&quot;,&quot;{{name}}}}&quot;)" methodname="ParserHandlesPartialOpenAndPartialClose" classname="Morestachio.Tests.ParserFixture" runstate="Runnable" seed="549949995" result="Passed" start-time="2019-02-07 23:49:34Z" end-time="2019-02-07 23:49:34Z" duration="0.000052" asserts="1" />
          </test-suite>
          <test-case id="0-1099" name="ParserProducesEmptyObjectWhenTemplateHasNoMustacheMarkup" fullname="Morestachio.Tests.ParserFixture.ParserProducesEmptyObjectWhenTemplateHasNoMustacheMarkup" methodname="ParserProducesEmptyObjectWhenTemplateHasNoMustacheMarkup" classname="Morestachio.Tests.ParserFixture" runstate="Ignored" seed="453279058" result="Skipped" label="Ignored" start-time="2019-02-07 23:49:34Z" end-time="2019-02-07 23:49:34Z" duration="0.000002" asserts="0">
            <properties>
              <property name="_SKIPREASON" value="Infer Tests are Outdated" />
            </properties>
            <reason>
              <message><![CDATA[Infer Tests are Outdated]]></message>
            </reason>
          </test-case>
          <test-case id="0-1100" name="ParserRendersCollectionObjectsWhenUsed" fullname="Morestachio.Tests.ParserFixture.ParserRendersCollectionObjectsWhenUsed" methodname="ParserRendersCollectionObjectsWhenUsed" classname="Morestachio.Tests.ParserFixture" runstate="Ignored" seed="22874482" result="Skipped" label="Ignored" start-time="2019-02-07 23:49:34Z" end-time="2019-02-07 23:49:34Z" duration="0.000001" asserts="0">
            <properties>
              <property name="_SKIPREASON" value="Infer Tests are Outdated" />
            </properties>
            <reason>
              <message><![CDATA[Infer Tests are Outdated]]></message>
            </reason>
          </test-case>
          <test-case id="0-1101" name="ParserRendersCollectionSubObjectsWhenUsed" fullname="Morestachio.Tests.ParserFixture.ParserRendersCollectionSubObjectsWhenUsed" methodname="ParserRendersCollectionSubObjectsWhenUsed" classname="Morestachio.Tests.ParserFixture" runstate="Ignored" seed="583406691" result="Skipped" label="Ignored" start-time="2019-02-07 23:49:34Z" end-time="2019-02-07 23:49:34Z" duration="0.000001" asserts="0">
            <properties>
              <property name="_SKIPREASON" value="Infer Tests are Outdated" />
            </properties>
            <reason>
              <message><![CDATA[Infer Tests are Outdated]]></message>
            </reason>
          </test-case>
          <test-suite type="ParameterizedMethod" id="0-1059" name="ParserShouldNotThrowForValidPath" fullname="Morestachio.Tests.ParserFixture.ParserShouldNotThrowForValidPath" classname="Morestachio.Tests.ParserFixture" runstate="Runnable" testcasecount="4" result="Passed" start-time="2019-02-07 23:49:34Z" end-time="2019-02-07 23:49:34Z" duration="0.000291" total="4" passed="4" failed="0" warnings="0" inconclusive="0" skipped="0" asserts="0">
            <test-case id="0-1055" name="ParserShouldNotThrowForValidPath(&quot;{{first_name}}&quot;)" fullname="Morestachio.Tests.ParserFixture.ParserShouldNotThrowForValidPath(&quot;{{first_name}}&quot;)" methodname="ParserShouldNotThrowForValidPath" classname="Morestachio.Tests.ParserFixture" runstate="Runnable" seed="2048246590" result="Passed" start-time="2019-02-07 23:49:34Z" end-time="2019-02-07 23:49:34Z" duration="0.000149" asserts="0" />
            <test-case id="0-1056" name="ParserShouldNotThrowForValidPath(&quot;{{company.name}}&quot;)" fullname="Morestachio.Tests.ParserFixture.ParserShouldNotThrowForValidPath(&quot;{{company.name}}&quot;)" methodname="ParserShouldNotThrowForValidPath" classname="Morestachio.Tests.ParserFixture" runstate="Runnable" seed="35512277" result="Passed" start-time="2019-02-07 23:49:34Z" end-time="2019-02-07 23:49:34Z" duration="0.000038" asserts="0" />
            <test-case id="0-1057" name="ParserShouldNotThrowForValidPath(&quot;{{company.address_line_1}}&quot;)" fullname="Morestachio.Tests.ParserFixture.ParserShouldNotThrowForValidPath(&quot;{{company.address_line_1}}&quot;)" methodname="ParserShouldNotThrowForValidPath" classname="Morestachio.Tests.ParserFixture" runstate="Runnable" seed="1437266781" result="Passed" start-time="2019-02-07 23:49:34Z" end-time="2019-02-07 23:49:34Z" duration="0.000035" asserts="0" />
            <test-case id="0-1058" name="ParserShouldNotThrowForValidPath(&quot;{{name}}&quot;)" fullname="Morestachio.Tests.ParserFixture.ParserShouldNotThrowForValidPath(&quot;{{name}}&quot;)" methodname="ParserShouldNotThrowForValidPath" classname="Morestachio.Tests.ParserFixture" runstate="Runnable" seed="2113434656" result="Passed" start-time="2019-02-07 23:49:34Z" end-time="2019-02-07 23:49:34Z" duration="0.000032" asserts="0" />
          </test-suite>
          <test-suite type="ParameterizedMethod" id="0-1054" name="ParserShouldThrowForInvalidPaths" fullname="Morestachio.Tests.ParserFixture.ParserShouldThrowForInvalidPaths" classname="Morestachio.Tests.ParserFixture" runstate="Runnable" testcasecount="14" result="Passed" start-time="2019-02-07 23:49:34Z" end-time="2019-02-07 23:49:34Z" duration="0.016160" total="14" passed="14" failed="0" warnings="0" inconclusive="0" skipped="0" asserts="14">
            <test-case id="0-1040" name="ParserShouldThrowForInvalidPaths(&quot;{{..../asdf.content}}&quot;)" fullname="Morestachio.Tests.ParserFixture.ParserShouldThrowForInvalidPaths(&quot;{{..../asdf.content}}&quot;)" methodname="ParserShouldThrowForInvalidPaths" classname="Morestachio.Tests.ParserFixture" runstate="Runnable" seed="1707458700" result="Passed" start-time="2019-02-07 23:49:34Z" end-time="2019-02-07 23:49:34Z" duration="0.014320" asserts="1" />
            <test-case id="0-1041" name="ParserShouldThrowForInvalidPaths(&quot;{{/}}&quot;)" fullname="Morestachio.Tests.ParserFixture.ParserShouldThrowForInvalidPaths(&quot;{{/}}&quot;)" methodname="ParserShouldThrowForInvalidPaths" classname="Morestachio.Tests.ParserFixture" runstate="Runnable" seed="1670401279" result="Passed" start-time="2019-02-07 23:49:34Z" end-time="2019-02-07 23:49:34Z" duration="0.000439" asserts="1" />
            <test-case id="0-1042" name="ParserShouldThrowForInvalidPaths(&quot;{{./}}&quot;)" fullname="Morestachio.Tests.ParserFixture.ParserShouldThrowForInvalidPaths(&quot;{{./}}&quot;)" methodname="ParserShouldThrowForInvalidPaths" classname="Morestachio.Tests.ParserFixture" runstate="Runnable" seed="524230638" result="Passed" start-time="2019-02-07 23:49:34Z" end-time="2019-02-07 23:49:34Z" duration="0.000097" asserts="1" />
            <test-case id="0-1043" name="ParserShouldThrowForInvalidPaths(&quot;{{.. }}&quot;)" fullname="Morestachio.Tests.ParserFixture.ParserShouldThrowForInvalidPaths(&quot;{{.. }}&quot;)" methodname="ParserShouldThrowForInvalidPaths" classname="Morestachio.Tests.ParserFixture" runstate="Runnable" seed="1108235931" result="Passed" start-time="2019-02-07 23:49:34Z" end-time="2019-02-07 23:49:34Z" duration="0.000093" asserts="1" />
            <test-case id="0-1044" name="ParserShouldThrowForInvalidPaths(&quot;{{..}}&quot;)" fullname="Morestachio.Tests.ParserFixture.ParserShouldThrowForInvalidPaths(&quot;{{..}}&quot;)" methodname="ParserShouldThrowForInvalidPaths" classname="Morestachio.Tests.ParserFixture" runstate="Runnable" seed="409254050" result="Passed" start-time="2019-02-07 23:49:34Z" end-time="2019-02-07 23:49:34Z" duration="0.000069" asserts="1" />
            <test-case id="0-1045" name="ParserShouldThrowForInvalidPaths(&quot;{{...}}&quot;)" fullname="Morestachio.Tests.ParserFixture.ParserShouldThrowForInvalidPaths(&quot;{{...}}&quot;)" methodname="ParserShouldThrowForInvalidPaths" classname="Morestachio.Tests.ParserFixture" runstate="Runnable" seed="1213967916" result="Passed" start-time="2019-02-07 23:49:34Z" end-time="2019-02-07 23:49:34Z" duration="0.000058" asserts="1" />
            <test-case id="0-1046" name="ParserShouldThrowForInvalidPaths(&quot;{{//}}&quot;)" fullname="Morestachio.Tests.ParserFixture.ParserShouldThrowForInvalidPaths(&quot;{{//}}&quot;)" methodname="ParserShouldThrowForInvalidPaths" classname="Morestachio.Tests.ParserFixture" runstate="Runnable" seed="2080349348" result="Passed" start-time="2019-02-07 23:49:34Z" end-time="2019-02-07 23:49:34Z" duration="0.000067" asserts="1" />
            <test-case id="0-1047" name="ParserShouldThrowForInvalidPaths(&quot;{{@}}&quot;)" fullname="Morestachio.Tests.ParserFixture.ParserShouldThrowForInvalidPaths(&quot;{{@}}&quot;)" methodname="ParserShouldThrowForInvalidPaths" classname="Morestachio.Tests.ParserFixture" runstate="Runnable" seed="154029322" result="Passed" start-time="2019-02-07 23:49:34Z" end-time="2019-02-07 23:49:34Z" duration="0.000056" asserts="1" />
            <test-case id="0-1048" name="ParserShouldThrowForInvalidPaths(&quot;{{[}}&quot;)" fullname="Morestachio.Tests.ParserFixture.ParserShouldThrowForInvalidPaths(&quot;{{[}}&quot;)" methodname="ParserShouldThrowForInvalidPaths" classname="Morestachio.Tests.ParserFixture" runstate="Runnable" seed="363559156" result="Passed" start-time="2019-02-07 23:49:34Z" end-time="2019-02-07 23:49:34Z" duration="0.000055" asserts="1" />
            <test-case id="0-1049" name="ParserShouldThrowForInvalidPaths(&quot;{{]}}&quot;)" fullname="Morestachio.Tests.ParserFixture.ParserShouldThrowForInvalidPaths(&quot;{{]}}&quot;)" methodname="ParserShouldThrowForInvalidPaths" classname="Morestachio.Tests.ParserFixture" runstate="Runnable" seed="115038211" result="Passed" start-time="2019-02-07 23:49:34Z" end-time="2019-02-07 23:49:34Z" duration="0.000522" asserts="1" />
            <test-case id="0-1050" name="ParserShouldThrowForInvalidPaths(&quot;{{)}}&quot;)" fullname="Morestachio.Tests.ParserFixture.ParserShouldThrowForInvalidPaths(&quot;{{)}}&quot;)" methodname="ParserShouldThrowForInvalidPaths" classname="Morestachio.Tests.ParserFixture" runstate="Runnable" seed="1656450784" result="Passed" start-time="2019-02-07 23:49:34Z" end-time="2019-02-07 23:49:34Z" duration="0.000070" asserts="1" />
            <test-case id="0-1051" name="ParserShouldThrowForInvalidPaths(&quot;{{(}}&quot;)" fullname="Morestachio.Tests.ParserFixture.ParserShouldThrowForInvalidPaths(&quot;{{(}}&quot;)" methodname="ParserShouldThrowForInvalidPaths" classname="Morestachio.Tests.ParserFixture" runstate="Runnable" seed="1018063638" result="Passed" start-time="2019-02-07 23:49:34Z" end-time="2019-02-07 23:49:34Z" duration="0.000059" asserts="1" />
            <test-case id="0-1052" name="ParserShouldThrowForInvalidPaths(&quot;{{~}}&quot;)" fullname="Morestachio.Tests.ParserFixture.ParserShouldThrowForInvalidPaths(&quot;{{~}}&quot;)" methodname="ParserShouldThrowForInvalidPaths" classname="Morestachio.Tests.ParserFixture" runstate="Runnable" seed="107662211" result="Passed" start-time="2019-02-07 23:49:34Z" end-time="2019-02-07 23:49:34Z" duration="0.000066" asserts="1" />
            <test-case id="0-1053" name="ParserShouldThrowForInvalidPaths(&quot;{{%}}&quot;)" fullname="Morestachio.Tests.ParserFixture.ParserShouldThrowForInvalidPaths(&quot;{{%}}&quot;)" methodname="ParserShouldThrowForInvalidPaths" classname="Morestachio.Tests.ParserFixture" runstate="Runnable" seed="1884017936" result="Passed" start-time="2019-02-07 23:49:34Z" end-time="2019-02-07 23:49:34Z" duration="0.000060" asserts="1" />
          </test-suite>
          <test-suite type="ParameterizedMethod" id="0-1065" name="ParserShouldThrowWithCharacterLocationInformation" fullname="Morestachio.Tests.ParserFixture.ParserShouldThrowWithCharacterLocationInformation" classname="Morestachio.Tests.ParserFixture" runstate="Runnable" testcasecount="5" result="Passed" start-time="2019-02-07 23:49:34Z" end-time="2019-02-07 23:49:34Z" duration="0.002388" total="5" passed="5" failed="0" warnings="0" inconclusive="0" skipped="0" asserts="5">
            <test-case id="0-1060" name="ParserShouldThrowWithCharacterLocationInformation(&quot;1{{first name}}&quot;,1)" fullname="Morestachio.Tests.ParserFixture.ParserShouldThrowWithCharacterLocationInformation(&quot;1{{first name}}&quot;,1)" methodname="ParserShouldThrowWithCharacterLocationInformation" classname="Morestachio.Tests.ParserFixture" runstate="Runnable" seed="1765440947" result="Passed" start-time="2019-02-07 23:49:34Z" end-time="2019-02-07 23:49:34Z" duration="0.000367" asserts="1" />
            <test-case id="0-1061" name="ParserShouldThrowWithCharacterLocationInformation(&quot;ss{{#each company.name}}\nasdf&quot;,1)" fullname="Morestachio.Tests.ParserFixture.ParserShouldThrowWithCharacterLocationInformation(&quot;ss{{#each company.name}}\nasdf&quot;,1)" methodname="ParserShouldThrowWithCharacterLocationInformation" classname="Morestachio.Tests.ParserFixture" runstate="Runnable" seed="289934878" result="Passed" start-time="2019-02-07 23:49:34Z" end-time="2019-02-07 23:49:34Z" duration="0.001760" asserts="1" />
            <test-case id="0-1062" name="ParserShouldThrowWithCharacterLocationInformation(&quot;xzyhj{{#company.address_line_1}}\nasdf{{dsadskl-sasa@}}\n{{/each}}&quot;,3)" fullname="Morestachio.Tests.ParserFixture.ParserShouldThrowWithCharacterLocationInformation(&quot;xzyhj{{#company.address_line_1}}\nasdf{{dsadskl-sasa@}}\n{{/each}}&quot;,3)" methodname="ParserShouldThrowWithCharacterLocationInformation" classname="Morestachio.Tests.ParserFixture" runstate="Runnable" seed="1743643352" result="Passed" start-time="2019-02-07 23:49:34Z" end-time="2019-02-07 23:49:34Z" duration="0.000083" asserts="1" />
            <test-case id="0-1063" name="ParserShouldThrowWithCharacterLocationInformation(&quot;fff{{#each company.address_line_1}}\n{{dsadskl-sasa@}}\n{{/each}}&quot;,1)" fullname="Morestachio.Tests.ParserFixture.ParserShouldThrowWithCharacterLocationInformation(&quot;fff{{#each company.address_line_1}}\n{{dsadskl-sasa@}}\n{{/each}}&quot;,1)" methodname="ParserShouldThrowWithCharacterLocationInformation" classname="Morestachio.Tests.ParserFixture" runstate="Runnable" seed="267614994" result="Passed" start-time="2019-02-07 23:49:34Z" end-time="2019-02-07 23:49:34Z" duration="0.000071" asserts="1" />
            <test-case id="0-1064" name="ParserShouldThrowWithCharacterLocationInformation(&quot;a{{name}}dd\ndd{{/each}}dd&quot;,1)" fullname="Morestachio.Tests.ParserFixture.ParserShouldThrowWithCharacterLocationInformation(&quot;a{{name}}dd\ndd{{/each}}dd&quot;,1)" methodname="ParserShouldThrowWithCharacterLocationInformation" classname="Morestachio.Tests.ParserFixture" runstate="Runnable" seed="1652504878" result="Passed" start-time="2019-02-07 23:49:34Z" end-time="2019-02-07 23:49:34Z" duration="0.000050" asserts="1" />
          </test-suite>
          <test-suite type="ParameterizedMethod" id="0-1030" name="ParserThrowsAnExceptionWhenEachIsMismatched" fullname="Morestachio.Tests.ParserFixture.ParserThrowsAnExceptionWhenEachIsMismatched" classname="Morestachio.Tests.ParserFixture" runstate="Runnable" testcasecount="3" result="Passed" start-time="2019-02-07 23:49:34Z" end-time="2019-02-07 23:49:34Z" duration="0.000412" total="3" passed="3" failed="0" warnings="0" inconclusive="0" skipped="0" asserts="3">
            <test-case id="0-1027" name="ParserThrowsAnExceptionWhenEachIsMismatched(&quot;{{#ACollection}}{{.}}{{/each}}&quot;)" fullname="Morestachio.Tests.ParserFixture.ParserThrowsAnExceptionWhenEachIsMismatched(&quot;{{#ACollection}}{{.}}{{/each}}&quot;)" methodname="ParserThrowsAnExceptionWhenEachIsMismatched" classname="Morestachio.Tests.ParserFixture" runstate="Runnable" seed="115020147" result="Passed" start-time="2019-02-07 23:49:34Z" end-time="2019-02-07 23:49:34Z" duration="0.000302" asserts="1" />
            <test-case id="0-1028" name="ParserThrowsAnExceptionWhenEachIsMismatched(&quot;{{#ACollection}}{{.}}{{/ACollection}}{{/each}}&quot;)" fullname="Morestachio.Tests.ParserFixture.ParserThrowsAnExceptionWhenEachIsMismatched(&quot;{{#ACollection}}{{.}}{{/ACollection}}{{/each}}&quot;)" methodname="ParserThrowsAnExceptionWhenEachIsMismatched" classname="Morestachio.Tests.ParserFixture" runstate="Runnable" seed="1926835478" result="Passed" start-time="2019-02-07 23:49:34Z" end-time="2019-02-07 23:49:34Z" duration="0.000047" asserts="1" />
            <test-case id="0-1029" name="ParserThrowsAnExceptionWhenEachIsMismatched(&quot;{{/each}}&quot;)" fullname="Morestachio.Tests.ParserFixture.ParserThrowsAnExceptionWhenEachIsMismatched(&quot;{{/each}}&quot;)" methodname="ParserThrowsAnExceptionWhenEachIsMismatched" classname="Morestachio.Tests.ParserFixture" runstate="Runnable" seed="588240723" result="Passed" start-time="2019-02-07 23:49:34Z" end-time="2019-02-07 23:49:34Z" duration="0.000033" asserts="1" />
          </test-suite>
          <test-suite type="ParameterizedMethod" id="0-1026" name="ParserThrowsAnExceptionWhenFormatIsMismatched" fullname="Morestachio.Tests.ParserFixture.ParserThrowsAnExceptionWhenFormatIsMismatched" classname="Morestachio.Tests.ParserFixture" runstate="Runnable" testcasecount="4" result="Passed" start-time="2019-02-07 23:49:34Z" end-time="2019-02-07 23:49:34Z" duration="0.000547" total="4" passed="4" failed="0" warnings="0" inconclusive="0" skipped="0" asserts="4">
            <test-case id="0-1022" name="ParserThrowsAnExceptionWhenFormatIsMismatched(&quot;{{data(d))}}&quot;)" fullname="Morestachio.Tests.ParserFixture.ParserThrowsAnExceptionWhenFormatIsMismatched(&quot;{{data(d))}}&quot;)" methodname="ParserThrowsAnExceptionWhenFormatIsMismatched" classname="Morestachio.Tests.ParserFixture" runstate="Runnable" seed="1177478964" result="Passed" start-time="2019-02-07 23:49:34Z" end-time="2019-02-07 23:49:34Z" duration="0.000365" asserts="1" />
            <test-case id="0-1023" name="ParserThrowsAnExceptionWhenFormatIsMismatched(&quot;{{data((d)}}&quot;)" fullname="Morestachio.Tests.ParserFixture.ParserThrowsAnExceptionWhenFormatIsMismatched(&quot;{{data((d)}}&quot;)" methodname="ParserThrowsAnExceptionWhenFormatIsMismatched" classname="Morestachio.Tests.ParserFixture" runstate="Runnable" seed="126601000" result="Passed" start-time="2019-02-07 23:49:34Z" end-time="2019-02-07 23:49:34Z" duration="0.000064" asserts="1" />
            <test-case id="0-1024" name="ParserThrowsAnExceptionWhenFormatIsMismatched(&quot;{{data)}}&quot;)" fullname="Morestachio.Tests.ParserFixture.ParserThrowsAnExceptionWhenFormatIsMismatched(&quot;{{data)}}&quot;)" methodname="ParserThrowsAnExceptionWhenFormatIsMismatched" classname="Morestachio.Tests.ParserFixture" runstate="Runnable" seed="343261341" result="Passed" start-time="2019-02-07 23:49:34Z" end-time="2019-02-07 23:49:34Z" duration="0.000044" asserts="1" />
            <test-case id="0-1025" name="ParserThrowsAnExceptionWhenFormatIsMismatched(&quot;{{data(}}&quot;)" fullname="Morestachio.Tests.ParserFixture.ParserThrowsAnExceptionWhenFormatIsMismatched(&quot;{{data(}}&quot;)" methodname="ParserThrowsAnExceptionWhenFormatIsMismatched" classname="Morestachio.Tests.ParserFixture" runstate="Runnable" seed="1323914550" result="Passed" start-time="2019-02-07 23:49:34Z" end-time="2019-02-07 23:49:34Z" duration="0.000039" asserts="1" />
          </test-suite>
          <test-case id="0-1084" name="ParserThrowsOnInfiniteNestedCalls" fullname="Morestachio.Tests.ParserFixture.ParserThrowsOnInfiniteNestedCalls" methodname="ParserThrowsOnInfiniteNestedCalls" classname="Morestachio.Tests.ParserFixture" runstate="Runnable" seed="754148175" result="Passed" start-time="2019-02-07 23:49:34Z" end-time="2019-02-07 23:49:34Z" duration="0.013415" asserts="1" />
          <test-case id="0-1102" name="ParserThrowsParserExceptionForEachWithoutPath" fullname="Morestachio.Tests.ParserFixture.ParserThrowsParserExceptionForEachWithoutPath" methodname="ParserThrowsParserExceptionForEachWithoutPath" classname="Morestachio.Tests.ParserFixture" runstate="Runnable" seed="1866451844" result="Passed" start-time="2019-02-07 23:49:34Z" end-time="2019-02-07 23:49:34Z" duration="0.000331" asserts="1" />
          <test-case id="0-1103" name="ParserThrowsParserExceptionForEmptyEach" fullname="Morestachio.Tests.ParserFixture.ParserThrowsParserExceptionForEmptyEach" methodname="ParserThrowsParserExceptionForEmptyEach" classname="Morestachio.Tests.ParserFixture" runstate="Runnable" seed="1898255685" result="Passed" start-time="2019-02-07 23:49:34Z" end-time="2019-02-07 23:49:34Z" duration="0.000271" asserts="1" />
          <test-suite type="ParameterizedMethod" id="0-1039" name="ParserThrowsParserExceptionForUnclosedGroups" fullname="Morestachio.Tests.ParserFixture.ParserThrowsParserExceptionForUnclosedGroups" classname="Morestachio.Tests.ParserFixture" runstate="Runnable" testcasecount="3" result="Passed" start-time="2019-02-07 23:49:34Z" end-time="2019-02-07 23:49:34Z" duration="0.001020" total="3" passed="3" failed="0" warnings="0" inconclusive="0" skipped="0" asserts="3">
            <test-case id="0-1036" name="ParserThrowsParserExceptionForUnclosedGroups(&quot;{{#each element}}{{name}}&quot;)" fullname="Morestachio.Tests.ParserFixture.ParserThrowsParserExceptionForUnclosedGroups(&quot;{{#each element}}{{name}}&quot;)" methodname="ParserThrowsParserExceptionForUnclosedGroups" classname="Morestachio.Tests.ParserFixture" runstate="Runnable" seed="656587946" result="Passed" start-time="2019-02-07 23:49:34Z" end-time="2019-02-07 23:49:34Z" duration="0.000889" asserts="1" />
            <test-case id="0-1037" name="ParserThrowsParserExceptionForUnclosedGroups(&quot;{{#element}}{{name}}&quot;)" fullname="Morestachio.Tests.ParserFixture.ParserThrowsParserExceptionForUnclosedGroups(&quot;{{#element}}{{name}}&quot;)" methodname="ParserThrowsParserExceptionForUnclosedGroups" classname="Morestachio.Tests.ParserFixture" runstate="Runnable" seed="835263506" result="Passed" start-time="2019-02-07 23:49:34Z" end-time="2019-02-07 23:49:34Z" duration="0.000053" asserts="1" />
            <test-case id="0-1038" name="ParserThrowsParserExceptionForUnclosedGroups(&quot;{{^element}}{{name}}&quot;)" fullname="Morestachio.Tests.ParserFixture.ParserThrowsParserExceptionForUnclosedGroups(&quot;{{^element}}{{name}}&quot;)" methodname="ParserThrowsParserExceptionForUnclosedGroups" classname="Morestachio.Tests.ParserFixture" runstate="Runnable" seed="2023238218" result="Passed" start-time="2019-02-07 23:49:34Z" end-time="2019-02-07 23:49:34Z" duration="0.000044" asserts="1" />
          </test-suite>
          <test-case id="0-1104" name="ParsingThrowsAnExceptionWhenConditionalGroupsAreMismatched" fullname="Morestachio.Tests.ParserFixture.ParsingThrowsAnExceptionWhenConditionalGroupsAreMismatched" methodname="ParsingThrowsAnExceptionWhenConditionalGroupsAreMismatched" classname="Morestachio.Tests.ParserFixture" runstate="Runnable" seed="159836557" result="Passed" start-time="2019-02-07 23:49:34Z" end-time="2019-02-07 23:49:34Z" duration="0.000341" asserts="1" />
          <test-case id="0-1105" name="TestCancelation" fullname="Morestachio.Tests.ParserFixture.TestCancelation" methodname="TestCancelation" classname="Morestachio.Tests.ParserFixture" runstate="Runnable" seed="920871381" result="Passed" start-time="2019-02-07 23:49:34Z" end-time="2019-02-07 23:49:34Z" duration="0.000824" asserts="1" />
          <test-case id="0-1106" name="TestCollectionContext" fullname="Morestachio.Tests.ParserFixture.TestCollectionContext" methodname="TestCollectionContext" classname="Morestachio.Tests.ParserFixture" runstate="Runnable" seed="564882706" result="Passed" start-time="2019-02-07 23:49:34Z" end-time="2019-02-07 23:49:34Z" duration="0.002177" asserts="1" />
          <test-suite type="ParameterizedMethod" id="0-1068" name="ValueEscapingIsActivatedBasedOnValueInterpolationMustacheSyntax" fullname="Morestachio.Tests.ParserFixture.ValueEscapingIsActivatedBasedOnValueInterpolationMustacheSyntax" classname="Morestachio.Tests.ParserFixture" runstate="Runnable" testcasecount="2" result="Passed" start-time="2019-02-07 23:49:34Z" end-time="2019-02-07 23:49:34Z" duration="0.001108" total="2" passed="2" failed="0" warnings="0" inconclusive="0" skipped="0" asserts="2">
            <test-case id="0-1066" name="ValueEscapingIsActivatedBasedOnValueInterpolationMustacheSyntax(&quot;&lt;wbr&gt;&quot;,&quot;{{content}}&quot;,&quot;&amp;lt;wbr&amp;gt;&quot;)" fullname="Morestachio.Tests.ParserFixture.ValueEscapingIsActivatedBasedOnValueInterpolationMustacheSyntax(&quot;&lt;wbr&gt;&quot;,&quot;{{content}}&quot;,&quot;&amp;lt;wbr&amp;gt;&quot;)" methodname="ValueEscapingIsActivatedBasedOnValueInterpolationMustacheSyntax" classname="Morestachio.Tests.ParserFixture" runstate="Runnable" seed="202449275" result="Passed" start-time="2019-02-07 23:49:34Z" end-time="2019-02-07 23:49:34Z" duration="0.001001" asserts="1" />
            <test-case id="0-1067" name="ValueEscapingIsActivatedBasedOnValueInterpolationMustacheSyntax(&quot;&lt;wbr&gt;&quot;,&quot;{{{content}}}&quot;,&quot;&lt;wbr&gt;&quot;)" fullname="Morestachio.Tests.ParserFixture.ValueEscapingIsActivatedBasedOnValueInterpolationMustacheSyntax(&quot;&lt;wbr&gt;&quot;,&quot;{{{content}}}&quot;,&quot;&lt;wbr&gt;&quot;)" methodname="ValueEscapingIsActivatedBasedOnValueInterpolationMustacheSyntax" classname="Morestachio.Tests.ParserFixture" runstate="Runnable" seed="1018526215" result="Passed" start-time="2019-02-07 23:49:34Z" end-time="2019-02-07 23:49:34Z" duration="0.000078" asserts="1" />
          </test-suite>
          <test-suite type="ParameterizedMethod" id="0-1071" name="ValueEscapingIsDisabledWhenRequested" fullname="Morestachio.Tests.ParserFixture.ValueEscapingIsDisabledWhenRequested" classname="Morestachio.Tests.ParserFixture" runstate="Runnable" testcasecount="2" result="Passed" start-time="2019-02-07 23:49:34Z" end-time="2019-02-07 23:49:34Z" duration="0.000540" total="2" passed="2" failed="0" warnings="0" inconclusive="0" skipped="0" asserts="2">
            <test-case id="0-1069" name="ValueEscapingIsDisabledWhenRequested(&quot;&lt;wbr&gt;&quot;,&quot;{{content}}&quot;,&quot;&lt;wbr&gt;&quot;)" fullname="Morestachio.Tests.ParserFixture.ValueEscapingIsDisabledWhenRequested(&quot;&lt;wbr&gt;&quot;,&quot;{{content}}&quot;,&quot;&lt;wbr&gt;&quot;)" methodname="ValueEscapingIsDisabledWhenRequested" classname="Morestachio.Tests.ParserFixture" runstate="Runnable" seed="1119853688" result="Passed" start-time="2019-02-07 23:49:34Z" end-time="2019-02-07 23:49:34Z" duration="0.000409" asserts="1" />
            <test-case id="0-1070" name="ValueEscapingIsDisabledWhenRequested(&quot;&lt;wbr&gt;&quot;,&quot;{{{content}}}&quot;,&quot;&lt;wbr&gt;&quot;)" fullname="Morestachio.Tests.ParserFixture.ValueEscapingIsDisabledWhenRequested(&quot;&lt;wbr&gt;&quot;,&quot;{{{content}}}&quot;,&quot;&lt;wbr&gt;&quot;)" methodname="ValueEscapingIsDisabledWhenRequested" classname="Morestachio.Tests.ParserFixture" runstate="Runnable" seed="2112343883" result="Passed" start-time="2019-02-07 23:49:34Z" end-time="2019-02-07 23:49:34Z" duration="0.000100" asserts="1" />
          </test-suite>
        </test-suite>
        <test-suite type="TestFixture" id="0-1000" name="ParserFormatterFixture" fullname="Morestachio.Tests.ParserFormatterFixture" classname="Morestachio.Tests.ParserFormatterFixture" runstate="Runnable" testcasecount="1" result="Passed" start-time="2019-02-07 23:49:34Z" end-time="2019-02-07 23:49:37Z" duration="2.841444" total="1" passed="1" failed="0" warnings="0" inconclusive="0" skipped="0" asserts="1">
          <test-case id="0-1001" name="TestCanExecuteAsyncFormatter" fullname="Morestachio.Tests.ParserFormatterFixture.TestCanExecuteAsyncFormatter" methodname="TestCanExecuteAsyncFormatter" classname="Morestachio.Tests.ParserFormatterFixture" runstate="Runnable" seed="1490164542" result="Passed" start-time="2019-02-07 23:49:34Z" end-time="2019-02-07 23:49:37Z" duration="2.841341" asserts="1">
            <output><![CDATA[0,1,2,3,4,5,6,7,
]]></output>
          </test-case>
        </test-suite>
        <test-suite type="SetUpFixture" id="0-1156" name="PerfTests" fullname="Morestachio.Tests.PerfTests.PerformanceCounter" classname="Morestachio.Tests.PerfTests.PerformanceCounter" runstate="Runnable" testcasecount="11" result="Passed" start-time="2019-02-07 23:49:37Z" end-time="2019-02-07 23:49:37Z" duration="0.007706" total="11" passed="0" failed="0" warnings="0" inconclusive="0" skipped="11" asserts="0">
          <output><![CDATA[Variation, Time/Run, Runs, Model Depth, SubstitutionCount, Template Size(byte), ParseTime, RenderTime, Total Time

]]></output>
          <test-suite type="TestFixture" id="0-1143" name="PerfHarness" fullname="Morestachio.Tests.PerfTests.PerfHarness" classname="Morestachio.Tests.PerfTests.PerfHarness" runstate="Runnable" testcasecount="11" result="Passed" start-time="2019-02-07 23:49:37Z" end-time="2019-02-07 23:49:37Z" duration="0.001753" total="11" passed="0" failed="0" warnings="0" inconclusive="0" skipped="11" asserts="0">
            <test-suite type="ParameterizedMethod" id="0-1155" name="TestRuns" fullname="Morestachio.Tests.PerfTests.PerfHarness.TestRuns" classname="Morestachio.Tests.PerfTests.PerfHarness" runstate="Explicit" testcasecount="11" result="Skipped" label="Explicit" site="SetUp" start-time="2019-02-07 23:49:37Z" end-time="2019-02-07 23:49:37Z" duration="0.001682" total="11" passed="0" failed="0" warnings="0" inconclusive="0" skipped="11" asserts="0">
              <properties>
                <property name="Category" value="Explicit" />
              </properties>
              <test-case id="0-1144" name="TestRuns(&quot;Model Depth&quot;,5,30000,10,5000)" fullname="Morestachio.Tests.PerfTests.PerfHarness.TestRuns(&quot;Model Depth&quot;,5,30000,10,5000)" methodname="TestRuns" classname="Morestachio.Tests.PerfTests.PerfHarness" runstate="Runnable" seed="124939329" result="Skipped" label="Explicit" site="Parent" start-time="0001-01-01 00:00:00Z" end-time="0001-01-01 00:00:00Z" duration="0.000000" asserts="0">
                <reason>
                  <message><![CDATA[OneTimeSetUp: ]]></message>
                </reason>
              </test-case>
              <test-case id="0-1145" name="TestRuns(&quot;Model Depth&quot;,10,30000,10,5000)" fullname="Morestachio.Tests.PerfTests.PerfHarness.TestRuns(&quot;Model Depth&quot;,10,30000,10,5000)" methodname="TestRuns" classname="Morestachio.Tests.PerfTests.PerfHarness" runstate="Runnable" seed="1979682491" result="Skipped" label="Explicit" site="Parent" start-time="0001-01-01 00:00:00Z" end-time="0001-01-01 00:00:00Z" duration="0.000000" asserts="0">
                <reason>
                  <message><![CDATA[OneTimeSetUp: ]]></message>
                </reason>
              </test-case>
              <test-case id="0-1146" name="TestRuns(&quot;Model Depth&quot;,100,30000,10,5000)" fullname="Morestachio.Tests.PerfTests.PerfHarness.TestRuns(&quot;Model Depth&quot;,100,30000,10,5000)" methodname="TestRuns" classname="Morestachio.Tests.PerfTests.PerfHarness" runstate="Runnable" seed="13584976" result="Skipped" label="Explicit" site="Parent" start-time="0001-01-01 00:00:00Z" end-time="0001-01-01 00:00:00Z" duration="0.000000" asserts="0">
                <reason>
                  <message><![CDATA[OneTimeSetUp: ]]></message>
                </reason>
              </test-case>
              <test-case id="0-1147" name="TestRuns(&quot;Substitutions&quot;,5,30000,10,5000)" fullname="Morestachio.Tests.PerfTests.PerfHarness.TestRuns(&quot;Substitutions&quot;,5,30000,10,5000)" methodname="TestRuns" classname="Morestachio.Tests.PerfTests.PerfHarness" runstate="Runnable" seed="1447024252" result="Skipped" label="Explicit" site="Parent" start-time="0001-01-01 00:00:00Z" end-time="0001-01-01 00:00:00Z" duration="0.000000" asserts="0">
                <reason>
                  <message><![CDATA[OneTimeSetUp: ]]></message>
                </reason>
              </test-case>
              <test-case id="0-1148" name="TestRuns(&quot;Substitutions&quot;,5,30000,50,5000)" fullname="Morestachio.Tests.PerfTests.PerfHarness.TestRuns(&quot;Substitutions&quot;,5,30000,50,5000)" methodname="TestRuns" classname="Morestachio.Tests.PerfTests.PerfHarness" runstate="Runnable" seed="421416927" result="Skipped" label="Explicit" site="Parent" start-time="0001-01-01 00:00:00Z" end-time="0001-01-01 00:00:00Z" duration="0.000000" asserts="0">
                <reason>
                  <message><![CDATA[OneTimeSetUp: ]]></message>
                </reason>
              </test-case>
              <test-case id="0-1149" name="TestRuns(&quot;Substitutions&quot;,5,30000,100,5000)" fullname="Morestachio.Tests.PerfTests.PerfHarness.TestRuns(&quot;Substitutions&quot;,5,30000,100,5000)" methodname="TestRuns" classname="Morestachio.Tests.PerfTests.PerfHarness" runstate="Runnable" seed="1330553542" result="Skipped" label="Explicit" site="Parent" start-time="0001-01-01 00:00:00Z" end-time="0001-01-01 00:00:00Z" duration="0.000000" asserts="0">
                <reason>
                  <message><![CDATA[OneTimeSetUp: ]]></message>
                </reason>
              </test-case>
              <test-case id="0-1150" name="TestRuns(&quot;Template Size&quot;,5,15000,10,5000)" fullname="Morestachio.Tests.PerfTests.PerfHarness.TestRuns(&quot;Template Size&quot;,5,15000,10,5000)" methodname="TestRuns" classname="Morestachio.Tests.PerfTests.PerfHarness" runstate="Runnable" seed="54375706" result="Skipped" label="Explicit" site="Parent" start-time="0001-01-01 00:00:00Z" end-time="0001-01-01 00:00:00Z" duration="0.000000" asserts="0">
                <reason>
                  <message><![CDATA[OneTimeSetUp: ]]></message>
                </reason>
              </test-case>
              <test-case id="0-1151" name="TestRuns(&quot;Template Size&quot;,5,25000,10,5000)" fullname="Morestachio.Tests.PerfTests.PerfHarness.TestRuns(&quot;Template Size&quot;,5,25000,10,5000)" methodname="TestRuns" classname="Morestachio.Tests.PerfTests.PerfHarness" runstate="Runnable" seed="102220479" result="Skipped" label="Explicit" site="Parent" start-time="0001-01-01 00:00:00Z" end-time="0001-01-01 00:00:00Z" duration="0.000000" asserts="0">
                <reason>
                  <message><![CDATA[OneTimeSetUp: ]]></message>
                </reason>
              </test-case>
              <test-case id="0-1152" name="TestRuns(&quot;Template Size&quot;,5,30000,10,5000)" fullname="Morestachio.Tests.PerfTests.PerfHarness.TestRuns(&quot;Template Size&quot;,5,30000,10,5000)" methodname="TestRuns" classname="Morestachio.Tests.PerfTests.PerfHarness" runstate="Runnable" seed="1116154870" result="Skipped" label="Explicit" site="Parent" start-time="0001-01-01 00:00:00Z" end-time="0001-01-01 00:00:00Z" duration="0.000000" asserts="0">
                <reason>
                  <message><![CDATA[OneTimeSetUp: ]]></message>
                </reason>
              </test-case>
              <test-case id="0-1153" name="TestRuns(&quot;Template Size&quot;,5,50000,10,5000)" fullname="Morestachio.Tests.PerfTests.PerfHarness.TestRuns(&quot;Template Size&quot;,5,50000,10,5000)" methodname="TestRuns" classname="Morestachio.Tests.PerfTests.PerfHarness" runstate="Runnable" seed="927866362" result="Skipped" label="Explicit" site="Parent" start-time="0001-01-01 00:00:00Z" end-time="0001-01-01 00:00:00Z" duration="0.000000" asserts="0">
                <reason>
                  <message><![CDATA[OneTimeSetUp: ]]></message>
                </reason>
              </test-case>
              <test-case id="0-1154" name="TestRuns(&quot;Template Size&quot;,5,100000,10,5000)" fullname="Morestachio.Tests.PerfTests.PerfHarness.TestRuns(&quot;Template Size&quot;,5,100000,10,5000)" methodname="TestRuns" classname="Morestachio.Tests.PerfTests.PerfHarness" runstate="Runnable" seed="1942468596" result="Skipped" label="Explicit" site="Parent" start-time="0001-01-01 00:00:00Z" end-time="0001-01-01 00:00:00Z" duration="0.000000" asserts="0">
                <reason>
                  <message><![CDATA[OneTimeSetUp: ]]></message>
                </reason>
              </test-case>
            </test-suite>
          </test-suite>
        </test-suite>
        <test-suite type="TestFixture" id="0-1107" name="TemplateFixture" fullname="Morestachio.Tests.TemplateFixture" classname="Morestachio.Tests.TemplateFixture" runstate="Runnable" testcasecount="30" result="Passed" start-time="2019-02-07 23:49:37Z" end-time="2019-02-07 23:49:39Z" duration="2.307914" total="30" passed="30" failed="0" warnings="0" inconclusive="0" skipped="0" asserts="31">
          <test-case id="0-1134" name="CommentsAreExcludedFromOutput" fullname="Morestachio.Tests.TemplateFixture.CommentsAreExcludedFromOutput" methodname="CommentsAreExcludedFromOutput" classname="Morestachio.Tests.TemplateFixture" runstate="Runnable" seed="862826002" result="Passed" start-time="2019-02-07 23:49:37Z" end-time="2019-02-07 23:49:37Z" duration="0.000396" asserts="1" />
          <test-case id="0-1135" name="HtmlIsEscapedByDefault" fullname="Morestachio.Tests.TemplateFixture.HtmlIsEscapedByDefault" methodname="HtmlIsEscapedByDefault" classname="Morestachio.Tests.TemplateFixture" runstate="Runnable" seed="30157487" result="Passed" start-time="2019-02-07 23:49:37Z" end-time="2019-02-07 23:49:37Z" duration="0.000315" asserts="1" />
          <test-case id="0-1136" name="HtmlIsNotEscapedWhenUsingUnsafeSyntaxes" fullname="Morestachio.Tests.TemplateFixture.HtmlIsNotEscapedWhenUsingUnsafeSyntaxes" methodname="HtmlIsNotEscapedWhenUsingUnsafeSyntaxes" classname="Morestachio.Tests.TemplateFixture" runstate="Runnable" seed="1806957075" result="Passed" start-time="2019-02-07 23:49:37Z" end-time="2019-02-07 23:49:37Z" duration="0.000492" asserts="2" />
          <test-case id="0-1137" name="NegationGroupRendersContentWhenValueNotSet" fullname="Morestachio.Tests.TemplateFixture.NegationGroupRendersContentWhenValueNotSet" methodname="NegationGroupRendersContentWhenValueNotSet" classname="Morestachio.Tests.TemplateFixture" runstate="Runnable" seed="206270857" result="Passed" start-time="2019-02-07 23:49:37Z" end-time="2019-02-07 23:49:37Z" duration="0.000297" asserts="1" />
          <test-suite type="ParameterizedMethod" id="0-1111" name="TemplateMaxSizeLimit" fullname="Morestachio.Tests.TemplateFixture.TemplateMaxSizeLimit" classname="Morestachio.Tests.TemplateFixture" runstate="Runnable" testcasecount="3" result="Passed" start-time="2019-02-07 23:49:37Z" end-time="2019-02-07 23:49:38Z" duration="1.164227" total="3" passed="3" failed="0" warnings="0" inconclusive="0" skipped="0" asserts="3">
            <test-case id="0-1108" name="TemplateMaxSizeLimit(200)" fullname="Morestachio.Tests.TemplateFixture.TemplateMaxSizeLimit(200)" methodname="TemplateMaxSizeLimit" classname="Morestachio.Tests.TemplateFixture" runstate="Runnable" seed="499728171" result="Passed" start-time="2019-02-07 23:49:37Z" end-time="2019-02-07 23:49:37Z" duration="0.001259" asserts="1" />
            <test-case id="0-1109" name="TemplateMaxSizeLimit(80000)" fullname="Morestachio.Tests.TemplateFixture.TemplateMaxSizeLimit(80000)" methodname="TemplateMaxSizeLimit" classname="Morestachio.Tests.TemplateFixture" runstate="Runnable" seed="594726899" result="Passed" start-time="2019-02-07 23:49:37Z" end-time="2019-02-07 23:49:37Z" duration="0.122009" asserts="1" />
            <test-case id="0-1110" name="TemplateMaxSizeLimit(700000)" fullname="Morestachio.Tests.TemplateFixture.TemplateMaxSizeLimit(700000)" methodname="TemplateMaxSizeLimit" classname="Morestachio.Tests.TemplateFixture" runstate="Runnable" seed="910906870" result="Passed" start-time="2019-02-07 23:49:37Z" end-time="2019-02-07 23:49:38Z" duration="1.040878" asserts="1" />
          </test-suite>
          <test-suite type="ParameterizedMethod" id="0-1118" name="TemplateMaxSizeOverLimit" fullname="Morestachio.Tests.TemplateFixture.TemplateMaxSizeOverLimit" classname="Morestachio.Tests.TemplateFixture" runstate="Runnable" testcasecount="6" result="Passed" start-time="2019-02-07 23:49:38Z" end-time="2019-02-07 23:49:39Z" duration="1.137260" total="6" passed="6" failed="0" warnings="0" inconclusive="0" skipped="0" asserts="6">
            <test-case id="0-1112" name="TemplateMaxSizeOverLimit(6)" fullname="Morestachio.Tests.TemplateFixture.TemplateMaxSizeOverLimit(6)" methodname="TemplateMaxSizeOverLimit" classname="Morestachio.Tests.TemplateFixture" runstate="Runnable" seed="1439463772" result="Passed" start-time="2019-02-07 23:49:38Z" end-time="2019-02-07 23:49:38Z" duration="0.002761" asserts="1" />
            <test-case id="0-1113" name="TemplateMaxSizeOverLimit(7)" fullname="Morestachio.Tests.TemplateFixture.TemplateMaxSizeOverLimit(7)" methodname="TemplateMaxSizeOverLimit" classname="Morestachio.Tests.TemplateFixture" runstate="Runnable" seed="2004881813" result="Passed" start-time="2019-02-07 23:49:38Z" end-time="2019-02-07 23:49:38Z" duration="0.000127" asserts="1" />
            <test-case id="0-1114" name="TemplateMaxSizeOverLimit(8)" fullname="Morestachio.Tests.TemplateFixture.TemplateMaxSizeOverLimit(8)" methodname="TemplateMaxSizeOverLimit" classname="Morestachio.Tests.TemplateFixture" runstate="Runnable" seed="1220329658" result="Passed" start-time="2019-02-07 23:49:38Z" end-time="2019-02-07 23:49:38Z" duration="0.000093" asserts="1" />
            <test-case id="0-1115" name="TemplateMaxSizeOverLimit(200)" fullname="Morestachio.Tests.TemplateFixture.TemplateMaxSizeOverLimit(200)" methodname="TemplateMaxSizeOverLimit" classname="Morestachio.Tests.TemplateFixture" runstate="Runnable" seed="1440377376" result="Passed" start-time="2019-02-07 23:49:38Z" end-time="2019-02-07 23:49:38Z" duration="0.000311" asserts="1" />
            <test-case id="0-1116" name="TemplateMaxSizeOverLimit(80000)" fullname="Morestachio.Tests.TemplateFixture.TemplateMaxSizeOverLimit(80000)" methodname="TemplateMaxSizeOverLimit" classname="Morestachio.Tests.TemplateFixture" runstate="Runnable" seed="568511195" result="Passed" start-time="2019-02-07 23:49:38Z" end-time="2019-02-07 23:49:38Z" duration="0.119629" asserts="1" />
            <test-case id="0-1117" name="TemplateMaxSizeOverLimit(700000)" fullname="Morestachio.Tests.TemplateFixture.TemplateMaxSizeOverLimit(700000)" methodname="TemplateMaxSizeOverLimit" classname="Morestachio.Tests.TemplateFixture" runstate="Runnable" seed="1168261901" result="Passed" start-time="2019-02-07 23:49:38Z" end-time="2019-02-07 23:49:39Z" duration="1.014211" asserts="1" />
          </test-suite>
          <test-case id="0-1138" name="TemplateRendersContentWithNoVariables" fullname="Morestachio.Tests.TemplateFixture.TemplateRendersContentWithNoVariables" methodname="TemplateRendersContentWithNoVariables" classname="Morestachio.Tests.TemplateFixture" runstate="Runnable" seed="1409532878" result="Passed" start-time="2019-02-07 23:49:39Z" end-time="2019-02-07 23:49:39Z" duration="0.000418" asserts="1" />
          <test-case id="0-1139" name="TemplateRendersWithComplextEachPath" fullname="Morestachio.Tests.TemplateFixture.TemplateRendersWithComplextEachPath" methodname="TemplateRendersWithComplextEachPath" classname="Morestachio.Tests.TemplateFixture" runstate="Runnable" seed="77798558" result="Passed" start-time="2019-02-07 23:49:39Z" end-time="2019-02-07 23:49:39Z" duration="0.001352" asserts="1" />
          <test-case id="0-1140" name="TemplateShouldNotRenderNullValue" fullname="Morestachio.Tests.TemplateFixture.TemplateShouldNotRenderNullValue" methodname="TemplateShouldNotRenderNullValue" classname="Morestachio.Tests.TemplateFixture" runstate="Runnable" seed="408460315" result="Passed" start-time="2019-02-07 23:49:39Z" end-time="2019-02-07 23:49:39Z" duration="0.000358" asserts="1" />
          <test-case id="0-1141" name="TemplateShouldProcessVariablesInInvertedGroup" fullname="Morestachio.Tests.TemplateFixture.TemplateShouldProcessVariablesInInvertedGroup" methodname="TemplateShouldProcessVariablesInInvertedGroup" classname="Morestachio.Tests.TemplateFixture" runstate="Runnable" seed="1917231065" result="Passed" start-time="2019-02-07 23:49:39Z" end-time="2019-02-07 23:49:39Z" duration="0.000411" asserts="1" />
          <test-case id="0-1142" name="TemplateShouldRenderFalseValue" fullname="Morestachio.Tests.TemplateFixture.TemplateShouldRenderFalseValue" methodname="TemplateShouldRenderFalseValue" classname="Morestachio.Tests.TemplateFixture" runstate="Runnable" seed="1855118682" result="Passed" start-time="2019-02-07 23:49:39Z" end-time="2019-02-07 23:49:39Z" duration="0.000378" asserts="1" />
          <test-suite type="ParameterizedMethod" id="0-1133" name="TemplateShouldRenderZeroValue" fullname="Morestachio.Tests.TemplateFixture.TemplateShouldRenderZeroValue" classname="Morestachio.Tests.TemplateFixture" runstate="Runnable" testcasecount="2" result="Passed" start-time="2019-02-07 23:49:39Z" end-time="2019-02-07 23:49:39Z" duration="0.000451" total="2" passed="2" failed="0" warnings="0" inconclusive="0" skipped="0" asserts="2">
            <test-case id="0-1131" name="TemplateShouldRenderZeroValue(0)" fullname="Morestachio.Tests.TemplateFixture.TemplateShouldRenderZeroValue(0)" methodname="TemplateShouldRenderZeroValue" classname="Morestachio.Tests.TemplateFixture" runstate="Runnable" seed="205568596" result="Passed" start-time="2019-02-07 23:49:39Z" end-time="2019-02-07 23:49:39Z" duration="0.000332" asserts="1" />
            <test-case id="0-1132" name="TemplateShouldRenderZeroValue(0.0d)" fullname="Morestachio.Tests.TemplateFixture.TemplateShouldRenderZeroValue(0.0d)" methodname="TemplateShouldRenderZeroValue" classname="Morestachio.Tests.TemplateFixture" runstate="Runnable" seed="580614119" result="Passed" start-time="2019-02-07 23:49:39Z" end-time="2019-02-07 23:49:39Z" duration="0.000062" asserts="1" />
          </test-suite>
          <test-suite type="ParameterizedMethod" id="0-1130" name="TemplateShouldTreatFalseyValuesAsEmptyArray" fullname="Morestachio.Tests.TemplateFixture.TemplateShouldTreatFalseyValuesAsEmptyArray" classname="Morestachio.Tests.TemplateFixture" runstate="Runnable" testcasecount="5" result="Passed" start-time="2019-02-07 23:49:39Z" end-time="2019-02-07 23:49:39Z" duration="0.000672" total="5" passed="5" failed="0" warnings="0" inconclusive="0" skipped="0" asserts="5">
            <test-case id="0-1125" name="TemplateShouldTreatFalseyValuesAsEmptyArray([])" fullname="Morestachio.Tests.TemplateFixture.TemplateShouldTreatFalseyValuesAsEmptyArray([])" methodname="TemplateShouldTreatFalseyValuesAsEmptyArray" classname="Morestachio.Tests.TemplateFixture" runstate="Runnable" seed="1447991898" result="Passed" start-time="2019-02-07 23:49:39Z" end-time="2019-02-07 23:49:39Z" duration="0.000365" asserts="1" />
            <test-case id="0-1126" name="TemplateShouldTreatFalseyValuesAsEmptyArray(False)" fullname="Morestachio.Tests.TemplateFixture.TemplateShouldTreatFalseyValuesAsEmptyArray(False)" methodname="TemplateShouldTreatFalseyValuesAsEmptyArray" classname="Morestachio.Tests.TemplateFixture" runstate="Runnable" seed="824377936" result="Passed" start-time="2019-02-07 23:49:39Z" end-time="2019-02-07 23:49:39Z" duration="0.000061" asserts="1" />
            <test-case id="0-1127" name="TemplateShouldTreatFalseyValuesAsEmptyArray(&quot;&quot;)" fullname="Morestachio.Tests.TemplateFixture.TemplateShouldTreatFalseyValuesAsEmptyArray(&quot;&quot;)" methodname="TemplateShouldTreatFalseyValuesAsEmptyArray" classname="Morestachio.Tests.TemplateFixture" runstate="Runnable" seed="745988337" result="Passed" start-time="2019-02-07 23:49:39Z" end-time="2019-02-07 23:49:39Z" duration="0.000078" asserts="1" />
            <test-case id="0-1128" name="TemplateShouldTreatFalseyValuesAsEmptyArray(0.0d)" fullname="Morestachio.Tests.TemplateFixture.TemplateShouldTreatFalseyValuesAsEmptyArray(0.0d)" methodname="TemplateShouldTreatFalseyValuesAsEmptyArray" classname="Morestachio.Tests.TemplateFixture" runstate="Runnable" seed="1702352786" result="Passed" start-time="2019-02-07 23:49:39Z" end-time="2019-02-07 23:49:39Z" duration="0.000063" asserts="1" />
            <test-case id="0-1129" name="TemplateShouldTreatFalseyValuesAsEmptyArray(0)" fullname="Morestachio.Tests.TemplateFixture.TemplateShouldTreatFalseyValuesAsEmptyArray(0)" methodname="TemplateShouldTreatFalseyValuesAsEmptyArray" classname="Morestachio.Tests.TemplateFixture" runstate="Runnable" seed="1250756698" result="Passed" start-time="2019-02-07 23:49:39Z" end-time="2019-02-07 23:49:39Z" duration="0.000061" asserts="1" />
          </test-suite>
          <test-suite type="ParameterizedMethod" id="0-1124" name="TemplatesShoudlNotRenderFalseyComplexStructures" fullname="Morestachio.Tests.TemplateFixture.TemplatesShoudlNotRenderFalseyComplexStructures" classname="Morestachio.Tests.TemplateFixture" runstate="Runnable" testcasecount="5" result="Passed" start-time="2019-02-07 23:49:39Z" end-time="2019-02-07 23:49:39Z" duration="0.000649" total="5" passed="5" failed="0" warnings="0" inconclusive="0" skipped="0" asserts="5">
            <test-case id="0-1119" name="TemplatesShoudlNotRenderFalseyComplexStructures([])" fullname="Morestachio.Tests.TemplateFixture.TemplatesShoudlNotRenderFalseyComplexStructures([])" methodname="TemplatesShoudlNotRenderFalseyComplexStructures" classname="Morestachio.Tests.TemplateFixture" runstate="Runnable" seed="1852270786" result="Passed" start-time="2019-02-07 23:49:39Z" end-time="2019-02-07 23:49:39Z" duration="0.000375" asserts="1" />
            <test-case id="0-1120" name="TemplatesShoudlNotRenderFalseyComplexStructures(False)" fullname="Morestachio.Tests.TemplateFixture.TemplatesShoudlNotRenderFalseyComplexStructures(False)" methodname="TemplatesShoudlNotRenderFalseyComplexStructures" classname="Morestachio.Tests.TemplateFixture" runstate="Runnable" seed="1873056363" result="Passed" start-time="2019-02-07 23:49:39Z" end-time="2019-02-07 23:49:39Z" duration="0.000064" asserts="1" />
            <test-case id="0-1121" name="TemplatesShoudlNotRenderFalseyComplexStructures(&quot;&quot;)" fullname="Morestachio.Tests.TemplateFixture.TemplatesShoudlNotRenderFalseyComplexStructures(&quot;&quot;)" methodname="TemplatesShoudlNotRenderFalseyComplexStructures" classname="Morestachio.Tests.TemplateFixture" runstate="Runnable" seed="690854634" result="Passed" start-time="2019-02-07 23:49:39Z" end-time="2019-02-07 23:49:39Z" duration="0.000058" asserts="1" />
            <test-case id="0-1122" name="TemplatesShoudlNotRenderFalseyComplexStructures(0.0d)" fullname="Morestachio.Tests.TemplateFixture.TemplatesShoudlNotRenderFalseyComplexStructures(0.0d)" methodname="TemplatesShoudlNotRenderFalseyComplexStructures" classname="Morestachio.Tests.TemplateFixture" runstate="Runnable" seed="750254708" result="Passed" start-time="2019-02-07 23:49:39Z" end-time="2019-02-07 23:49:39Z" duration="0.000057" asserts="1" />
            <test-case id="0-1123" name="TemplatesShoudlNotRenderFalseyComplexStructures(0)" fullname="Morestachio.Tests.TemplateFixture.TemplatesShoudlNotRenderFalseyComplexStructures(0)" methodname="TemplatesShoudlNotRenderFalseyComplexStructures" classname="Morestachio.Tests.TemplateFixture" runstate="Runnable" seed="773777113" result="Passed" start-time="2019-02-07 23:49:39Z" end-time="2019-02-07 23:49:39Z" duration="0.000056" asserts="1" />
          </test-suite>
        </test-suite>
      </test-suite>
    </test-suite>
  </test-suite>
</test-run>